<?xml version="1.0" encoding="UTF-8"?>
<!-- Generated by org.testng.reporters.JUnitXMLReporter -->
<testsuite ignored="0" hostname="MOHAMMAD" failures="0" tests="4" name="UI Tests" time="178.695" errors="0" timestamp="2025-08-31T08:16:11 IST">
  <testcase classname="com.ecommerce.tests.LoginTest" name="testLogin" time="23.856"/>
  <testcase classname="com.ecommerce.tests.SearchTest" name="testSearchProduct" time="27.942"/>
  <testcase classname="com.ecommerce.tests.CartTest" name="testAddToCart" time="34.623"/>
  <testcase classname="com.ecommerce.tests.CheckoutTest" name="testCheckoutFlow" time="57.345"/>
</testsuite> <!-- UI Tests -->
