<?xml version="1.0" encoding="UTF-8"?>
<testng-results ignored="0" total="4" passed="4" failed="0" skipped="0">
  <reporter-output>
  </reporter-output>
  <suite started-at="2025-08-31T08:13:13 IST" name="EcommerceSuite" finished-at="2025-08-31T08:16:11 IST" duration-ms="178695">
    <groups>
    </groups>
    <test started-at="2025-08-31T08:13:13 IST" name="UI Tests" finished-at="2025-08-31T08:16:11 IST" duration-ms="178695">
      <class name="com.ecommerce.tests.CheckoutTest">
        <test-method is-config="true" signature="setUp()[pri:0, instance:com.ecommerce.tests.CheckoutTest@2a5c8d3f]" started-at="2025-08-31T08:15:07 IST" name="setUp" finished-at="2025-08-31T08:15:14 IST" duration-ms="7017" status="PASS">
          <reporter-output>
          </reporter-output>
        </test-method> <!-- setUp -->
        <test-method signature="testCheckoutFlow()[pri:0, instance:com.ecommerce.tests.CheckoutTest@2a5c8d3f]" started-at="2025-08-31T08:15:14 IST" name="testCheckoutFlow" finished-at="2025-08-31T08:16:11 IST" duration-ms="57345" status="PASS">
          <reporter-output>
          </reporter-output>
        </test-method> <!-- testCheckoutFlow -->
        <test-method is-config="true" signature="tearDown()[pri:0, instance:com.ecommerce.tests.CheckoutTest@2a5c8d3f]" started-at="2025-08-31T08:16:11 IST" name="tearDown" finished-at="2025-08-31T08:16:11 IST" duration-ms="404" status="PASS">
          <reporter-output>
          </reporter-output>
        </test-method> <!-- tearDown -->
      </class> <!-- com.ecommerce.tests.CheckoutTest -->
      <class name="com.ecommerce.tests.CartTest">
        <test-method is-config="true" signature="setUp()[pri:0, instance:com.ecommerce.tests.CartTest@3a52dba3]" started-at="2025-08-31T08:14:26 IST" name="setUp" finished-at="2025-08-31T08:14:32 IST" duration-ms="5892" status="PASS">
          <reporter-output>
          </reporter-output>
        </test-method> <!-- setUp -->
        <test-method signature="testAddToCart()[pri:0, instance:com.ecommerce.tests.CartTest@3a52dba3]" started-at="2025-08-31T08:14:32 IST" name="testAddToCart" finished-at="2025-08-31T08:15:07 IST" duration-ms="34623" status="PASS">
          <reporter-output>
          </reporter-output>
        </test-method> <!-- testAddToCart -->
      </class> <!-- com.ecommerce.tests.CartTest -->
      <class name="com.ecommerce.tests.LoginTest">
        <test-method is-config="true" signature="setUp(java.lang.String)[pri:0, instance:com.ecommerce.tests.LoginTest@4c12331b]" started-at="2025-08-31T08:13:13 IST" name="setUp" finished-at="2025-08-31T08:13:25 IST" duration-ms="12439" status="PASS">
          <params>
            <param index="0">
              <value>
                <![CDATA[chrome]]>
              </value>
            </param>
          </params>
          <reporter-output>
          </reporter-output>
        </test-method> <!-- setUp -->
        <test-method signature="testLogin()[pri:0, instance:com.ecommerce.tests.LoginTest@4c12331b]" started-at="2025-08-31T08:13:25 IST" name="testLogin" finished-at="2025-08-31T08:13:49 IST" duration-ms="23856" status="PASS">
          <reporter-output>
          </reporter-output>
        </test-method> <!-- testLogin -->
        <test-method is-config="true" signature="tearDown()[pri:0, instance:com.ecommerce.tests.LoginTest@4c12331b]" started-at="2025-08-31T08:13:49 IST" name="tearDown" finished-at="2025-08-31T08:13:51 IST" duration-ms="2121" status="PASS">
          <reporter-output>
          </reporter-output>
        </test-method> <!-- tearDown -->
      </class> <!-- com.ecommerce.tests.LoginTest -->
      <class name="com.ecommerce.tests.SearchTest">
        <test-method is-config="true" signature="setUp(java.lang.String)[pri:0, instance:com.ecommerce.tests.SearchTest@24aed80c]" started-at="2025-08-31T08:13:51 IST" name="setUp" finished-at="2025-08-31T08:13:58 IST" duration-ms="6528" status="PASS">
          <params>
            <param index="0">
              <value>
                <![CDATA[chrome]]>
              </value>
            </param>
          </params>
          <reporter-output>
          </reporter-output>
        </test-method> <!-- setUp -->
        <test-method signature="testSearchProduct()[pri:0, instance:com.ecommerce.tests.SearchTest@24aed80c]" started-at="2025-08-31T08:13:58 IST" name="testSearchProduct" finished-at="2025-08-31T08:14:26 IST" duration-ms="27942" status="PASS">
          <reporter-output>
          </reporter-output>
        </test-method> <!-- testSearchProduct -->
        <test-method is-config="true" signature="tearDown()[pri:0, instance:com.ecommerce.tests.SearchTest@24aed80c]" started-at="2025-08-31T08:14:26 IST" name="tearDown" finished-at="2025-08-31T08:14:26 IST" duration-ms="450" status="PASS">
          <reporter-output>
          </reporter-output>
        </test-method> <!-- tearDown -->
      </class> <!-- com.ecommerce.tests.SearchTest -->
    </test> <!-- UI Tests -->
  </suite> <!-- EcommerceSuite -->
</testng-results>
